<?xml version="1.0" encoding="UTF-8"?>
<testng-results skipped="2" failed="1" total="6" passed="3">
  <reporter-output>
  </reporter-output>
  <suite name="TRM Application Automation Test Suite" duration-ms="74411" started-at="2020-06-26T11:57:30Z" finished-at="2020-06-26T11:58:45Z">
    <groups>
    </groups>
    <test name="TRM Application Regaression Testing" duration-ms="74411" started-at="2020-06-26T11:57:30Z" finished-at="2020-06-26T11:58:45Z">
      <class name="com.tvd.trm.testcases.TRMLoginPageTest">
        <test-method status="PASS" signature="setUp()[pri:0, instance:com.tvd.trm.testcases.TRMLoginPageTest@32e6e9c3]" name="setUp" is-config="true" duration-ms="13814" started-at="2020-06-26T17:27:30Z" finished-at="2020-06-26T17:27:44Z">
          <reporter-output>
          </reporter-output>
        </test-method> <!-- setUp -->
        <test-method status="SKIP" signature="loginPageTitleTest()[pri:1, instance:com.tvd.trm.testcases.TRMLoginPageTest@32e6e9c3]" name="loginPageTitleTest" duration-ms="80" started-at="2020-06-26T17:27:44Z" finished-at="2020-06-26T17:27:44Z">
          <exception class="java.lang.AssertionError">
            <message>
              <![CDATA[Login title not matched expected [Logi Page] but found [Login Page]]]>
            </message>
            <full-stacktrace>
              <![CDATA[java.lang.AssertionError: Login title not matched expected [Logi Page] but found [Login Page]
	at org.testng.Assert.fail(Assert.java:94)
	at org.testng.Assert.failNotEquals(Assert.java:513)
	at org.testng.Assert.assertEqualsImpl(Assert.java:135)
	at org.testng.Assert.assertEquals(Assert.java:116)
	at org.testng.Assert.assertEquals(Assert.java:190)
	at com.tvd.trm.testcases.TRMLoginPageTest.loginPageTitleTest(TRMLoginPageTest.java:32)
	at sun.reflect.NativeMethodAccessorImpl.invoke0(Native Method)
	at sun.reflect.NativeMethodAccessorImpl.invoke(Unknown Source)
	at sun.reflect.DelegatingMethodAccessorImpl.invoke(Unknown Source)
	at java.lang.reflect.Method.invoke(Unknown Source)
	at org.testng.internal.MethodInvocationHelper.invokeMethod(MethodInvocationHelper.java:86)
	at org.testng.internal.Invoker.invokeMethod(Invoker.java:645)
	at org.testng.internal.Invoker.invokeTestMethod(Invoker.java:822)
	at org.testng.internal.Invoker.invokeTestMethods(Invoker.java:1130)
	at org.testng.internal.TestMethodWorker.invokeTestMethods(TestMethodWorker.java:129)
	at org.testng.internal.TestMethodWorker.run(TestMethodWorker.java:112)
	at org.testng.TestRunner.privateRun(TestRunner.java:782)
	at org.testng.TestRunner.run(TestRunner.java:632)
	at org.testng.SuiteRunner.runTest(SuiteRunner.java:366)
	at org.testng.SuiteRunner.runSequentially(SuiteRunner.java:361)
	at org.testng.SuiteRunner.privateRun(SuiteRunner.java:319)
	at org.testng.SuiteRunner.run(SuiteRunner.java:268)
	at org.testng.SuiteRunnerWorker.runSuite(SuiteRunnerWorker.java:52)
	at org.testng.SuiteRunnerWorker.run(SuiteRunnerWorker.java:86)
	at org.testng.TestNG.runSuitesSequentially(TestNG.java:1244)
	at org.testng.TestNG.runSuitesLocally(TestNG.java:1169)
	at org.testng.TestNG.run(TestNG.java:1064)
	at org.testng.remote.RemoteTestNG.run(RemoteTestNG.java:113)
	at org.testng.remote.RemoteTestNG.initAndRun(RemoteTestNG.java:206)
	at org.testng.remote.RemoteTestNG.main(RemoteTestNG.java:177)
]]>
            </full-stacktrace>
          </exception> <!-- java.lang.AssertionError -->
          <reporter-output>
          </reporter-output>
        </test-method> <!-- loginPageTitleTest -->
        <test-method status="PASS" signature="teardown()[pri:0, instance:com.tvd.trm.testcases.TRMLoginPageTest@32e6e9c3]" name="teardown" is-config="true" duration-ms="780" started-at="2020-06-26T17:27:44Z" finished-at="2020-06-26T17:27:45Z">
          <reporter-output>
          </reporter-output>
        </test-method> <!-- teardown -->
        <test-method status="PASS" signature="setUp()[pri:0, instance:com.tvd.trm.testcases.TRMLoginPageTest@32e6e9c3]" name="setUp" is-config="true" duration-ms="10347" started-at="2020-06-26T17:27:45Z" finished-at="2020-06-26T17:27:55Z">
          <reporter-output>
          </reporter-output>
        </test-method> <!-- setUp -->
        <test-method status="SKIP" signature="loginPageTitleTest()[pri:1, instance:com.tvd.trm.testcases.TRMLoginPageTest@32e6e9c3]" name="loginPageTitleTest" duration-ms="5" started-at="2020-06-26T17:27:55Z" finished-at="2020-06-26T17:27:55Z">
          <exception class="java.lang.AssertionError">
            <message>
              <![CDATA[Login title not matched expected [Logi Page] but found [Login Page]]]>
            </message>
            <full-stacktrace>
              <![CDATA[java.lang.AssertionError: Login title not matched expected [Logi Page] but found [Login Page]
	at org.testng.Assert.fail(Assert.java:94)
	at org.testng.Assert.failNotEquals(Assert.java:513)
	at org.testng.Assert.assertEqualsImpl(Assert.java:135)
	at org.testng.Assert.assertEquals(Assert.java:116)
	at org.testng.Assert.assertEquals(Assert.java:190)
	at com.tvd.trm.testcases.TRMLoginPageTest.loginPageTitleTest(TRMLoginPageTest.java:32)
	at sun.reflect.NativeMethodAccessorImpl.invoke0(Native Method)
	at sun.reflect.NativeMethodAccessorImpl.invoke(Unknown Source)
	at sun.reflect.DelegatingMethodAccessorImpl.invoke(Unknown Source)
	at java.lang.reflect.Method.invoke(Unknown Source)
	at org.testng.internal.MethodInvocationHelper.invokeMethod(MethodInvocationHelper.java:86)
	at org.testng.internal.Invoker.invokeMethod(Invoker.java:645)
	at org.testng.internal.Invoker.retryFailed(Invoker.java:969)
	at org.testng.internal.Invoker.invokeTestMethods(Invoker.java:1148)
	at org.testng.internal.TestMethodWorker.invokeTestMethods(TestMethodWorker.java:129)
	at org.testng.internal.TestMethodWorker.run(TestMethodWorker.java:112)
	at org.testng.TestRunner.privateRun(TestRunner.java:782)
	at org.testng.TestRunner.run(TestRunner.java:632)
	at org.testng.SuiteRunner.runTest(SuiteRunner.java:366)
	at org.testng.SuiteRunner.runSequentially(SuiteRunner.java:361)
	at org.testng.SuiteRunner.privateRun(SuiteRunner.java:319)
	at org.testng.SuiteRunner.run(SuiteRunner.java:268)
	at org.testng.SuiteRunnerWorker.runSuite(SuiteRunnerWorker.java:52)
	at org.testng.SuiteRunnerWorker.run(SuiteRunnerWorker.java:86)
	at org.testng.TestNG.runSuitesSequentially(TestNG.java:1244)
	at org.testng.TestNG.runSuitesLocally(TestNG.java:1169)
	at org.testng.TestNG.run(TestNG.java:1064)
	at org.testng.remote.RemoteTestNG.run(RemoteTestNG.java:113)
	at org.testng.remote.RemoteTestNG.initAndRun(RemoteTestNG.java:206)
	at org.testng.remote.RemoteTestNG.main(RemoteTestNG.java:177)
]]>
            </full-stacktrace>
          </exception> <!-- java.lang.AssertionError -->
          <reporter-output>
          </reporter-output>
        </test-method> <!-- loginPageTitleTest -->
        <test-method status="PASS" signature="teardown()[pri:0, instance:com.tvd.trm.testcases.TRMLoginPageTest@32e6e9c3]" name="teardown" is-config="true" duration-ms="768" started-at="2020-06-26T17:27:55Z" finished-at="2020-06-26T17:27:56Z">
          <reporter-output>
          </reporter-output>
        </test-method> <!-- teardown -->
        <test-method status="PASS" signature="setUp()[pri:0, instance:com.tvd.trm.testcases.TRMLoginPageTest@32e6e9c3]" name="setUp" is-config="true" duration-ms="10925" started-at="2020-06-26T17:27:56Z" finished-at="2020-06-26T17:28:07Z">
          <reporter-output>
          </reporter-output>
        </test-method> <!-- setUp -->
        <test-method status="FAIL" signature="loginPageTitleTest()[pri:1, instance:com.tvd.trm.testcases.TRMLoginPageTest@32e6e9c3]" name="loginPageTitleTest" duration-ms="8" started-at="2020-06-26T17:28:07Z" finished-at="2020-06-26T17:28:07Z">
          <exception class="java.lang.AssertionError">
            <message>
              <![CDATA[Login title not matched expected [Logi Page] but found [Login Page]]]>
            </message>
            <full-stacktrace>
              <![CDATA[java.lang.AssertionError: Login title not matched expected [Logi Page] but found [Login Page]
	at org.testng.Assert.fail(Assert.java:94)
	at org.testng.Assert.failNotEquals(Assert.java:513)
	at org.testng.Assert.assertEqualsImpl(Assert.java:135)
	at org.testng.Assert.assertEquals(Assert.java:116)
	at org.testng.Assert.assertEquals(Assert.java:190)
	at com.tvd.trm.testcases.TRMLoginPageTest.loginPageTitleTest(TRMLoginPageTest.java:32)
	at sun.reflect.NativeMethodAccessorImpl.invoke0(Native Method)
	at sun.reflect.NativeMethodAccessorImpl.invoke(Unknown Source)
	at sun.reflect.DelegatingMethodAccessorImpl.invoke(Unknown Source)
	at java.lang.reflect.Method.invoke(Unknown Source)
	at org.testng.internal.MethodInvocationHelper.invokeMethod(MethodInvocationHelper.java:86)
	at org.testng.internal.Invoker.invokeMethod(Invoker.java:645)
	at org.testng.internal.Invoker.retryFailed(Invoker.java:969)
	at org.testng.internal.Invoker.invokeTestMethods(Invoker.java:1148)
	at org.testng.internal.TestMethodWorker.invokeTestMethods(TestMethodWorker.java:129)
	at org.testng.internal.TestMethodWorker.run(TestMethodWorker.java:112)
	at org.testng.TestRunner.privateRun(TestRunner.java:782)
	at org.testng.TestRunner.run(TestRunner.java:632)
	at org.testng.SuiteRunner.runTest(SuiteRunner.java:366)
	at org.testng.SuiteRunner.runSequentially(SuiteRunner.java:361)
	at org.testng.SuiteRunner.privateRun(SuiteRunner.java:319)
	at org.testng.SuiteRunner.run(SuiteRunner.java:268)
	at org.testng.SuiteRunnerWorker.runSuite(SuiteRunnerWorker.java:52)
	at org.testng.SuiteRunnerWorker.run(SuiteRunnerWorker.java:86)
	at org.testng.TestNG.runSuitesSequentially(TestNG.java:1244)
	at org.testng.TestNG.runSuitesLocally(TestNG.java:1169)
	at org.testng.TestNG.run(TestNG.java:1064)
	at org.testng.remote.RemoteTestNG.run(RemoteTestNG.java:113)
	at org.testng.remote.RemoteTestNG.initAndRun(RemoteTestNG.java:206)
	at org.testng.remote.RemoteTestNG.main(RemoteTestNG.java:177)
]]>
            </full-stacktrace>
          </exception> <!-- java.lang.AssertionError -->
          <reporter-output>
          </reporter-output>
        </test-method> <!-- loginPageTitleTest -->
        <test-method status="PASS" signature="teardown()[pri:0, instance:com.tvd.trm.testcases.TRMLoginPageTest@32e6e9c3]" name="teardown" is-config="true" duration-ms="1141" started-at="2020-06-26T17:28:08Z" finished-at="2020-06-26T17:28:09Z">
          <reporter-output>
          </reporter-output>
        </test-method> <!-- teardown -->
        <test-method status="PASS" signature="setUp()[pri:0, instance:com.tvd.trm.testcases.TRMLoginPageTest@32e6e9c3]" name="setUp" is-config="true" duration-ms="10416" started-at="2020-06-26T17:28:09Z" finished-at="2020-06-26T17:28:19Z">
          <reporter-output>
          </reporter-output>
        </test-method> <!-- setUp -->
        <test-method status="PASS" signature="hescomLogoTest()[pri:2, instance:com.tvd.trm.testcases.TRMLoginPageTest@32e6e9c3]" name="hescomLogoTest" duration-ms="66" started-at="2020-06-26T17:28:19Z" finished-at="2020-06-26T17:28:19Z">
          <reporter-output>
          </reporter-output>
        </test-method> <!-- hescomLogoTest -->
        <test-method status="PASS" signature="teardown()[pri:0, instance:com.tvd.trm.testcases.TRMLoginPageTest@32e6e9c3]" name="teardown" is-config="true" duration-ms="778" started-at="2020-06-26T17:28:19Z" finished-at="2020-06-26T17:28:20Z">
          <reporter-output>
          </reporter-output>
        </test-method> <!-- teardown -->
        <test-method status="PASS" signature="setUp()[pri:0, instance:com.tvd.trm.testcases.TRMLoginPageTest@32e6e9c3]" name="setUp" is-config="true" duration-ms="10174" started-at="2020-06-26T17:28:20Z" finished-at="2020-06-26T17:28:30Z">
          <reporter-output>
          </reporter-output>
        </test-method> <!-- setUp -->
        <test-method status="PASS" signature="rapdrpTextTest()[pri:3, instance:com.tvd.trm.testcases.TRMLoginPageTest@32e6e9c3]" name="rapdrpTextTest" duration-ms="169" started-at="2020-06-26T17:28:30Z" finished-at="2020-06-26T17:28:30Z">
          <reporter-output>
          </reporter-output>
        </test-method> <!-- rapdrpTextTest -->
        <test-method status="PASS" signature="teardown()[pri:0, instance:com.tvd.trm.testcases.TRMLoginPageTest@32e6e9c3]" name="teardown" is-config="true" duration-ms="741" started-at="2020-06-26T17:28:30Z" finished-at="2020-06-26T17:28:31Z">
          <reporter-output>
          </reporter-output>
        </test-method> <!-- teardown -->
        <test-method status="PASS" signature="setUp()[pri:0, instance:com.tvd.trm.testcases.TRMLoginPageTest@32e6e9c3]" name="setUp" is-config="true" duration-ms="10217" started-at="2020-06-26T17:28:31Z" finished-at="2020-06-26T17:28:41Z">
          <reporter-output>
          </reporter-output>
        </test-method> <!-- setUp -->
        <test-method status="PASS" signature="trmLoginTest()[pri:4, instance:com.tvd.trm.testcases.TRMLoginPageTest@32e6e9c3]" name="trmLoginTest" duration-ms="2548" started-at="2020-06-26T17:28:41Z" finished-at="2020-06-26T17:28:44Z">
          <reporter-output>
          </reporter-output>
        </test-method> <!-- trmLoginTest -->
        <test-method status="PASS" signature="teardown()[pri:0, instance:com.tvd.trm.testcases.TRMLoginPageTest@32e6e9c3]" name="teardown" is-config="true" duration-ms="775" started-at="2020-06-26T17:28:44Z" finished-at="2020-06-26T17:28:45Z">
          <reporter-output>
          </reporter-output>
        </test-method> <!-- teardown -->
      </class> <!-- com.tvd.trm.testcases.TRMLoginPageTest -->
    </test> <!-- TRM Application Regaression Testing -->
  </suite> <!-- TRM Application Automation Test Suite -->
</testng-results>
