<?xml version="1.0" encoding="UTF-8"?>
<!-- Generated by org.testng.reporters.JUnitXMLReporter -->
<testsuite hostname="DESKTOP-O1UESDN" name="TRM Application Regaression Testing" tests="13" failures="2" timestamp="16 Jun 2020 12:42:37 GMT" time="212.872" errors="0">
  <testcase name="loginPageTitleTest" time="0.017" classname="com.tvd.trm.testcases.TRMLoginPageTest"/>
  <testcase name="hescomLogoTest" time="0.038" classname="com.tvd.trm.testcases.TRMLoginPageTest"/>
  <testcase name="rapdrpTextTest" time="0.043" classname="com.tvd.trm.testcases.TRMLoginPageTest">
    <skipped/>
  </testcase> <!-- rapdrpTextTest -->
  <testcase name="rapdrpTextTest" time="0.045" classname="com.tvd.trm.testcases.TRMLoginPageTest">
    <skipped/>
  </testcase> <!-- rapdrpTextTest -->
  <testcase name="rapdrpTextTest" time="0.041" classname="com.tvd.trm.testcases.TRMLoginPageTest">
    <skipped/>
  </testcase> <!-- rapdrpTextTest -->
  <testcase name="rapdrpTextTest" time="0.043" classname="com.tvd.trm.testcases.TRMLoginPageTest">
    <failure type="java.lang.AssertionError" message="Page Text not Matched expected [R-APDRP TOTAL REVENUE MANAGEMENT SYSTE] but found [R-APDRP TOTAL REVENUE MANAGEMENT SYSTEM.]">
      <![CDATA[java.lang.AssertionError: Page Text not Matched expected [R-APDRP TOTAL REVENUE MANAGEMENT SYSTE] but found [R-APDRP TOTAL REVENUE MANAGEMENT SYSTEM.]
	at com.tvd.trm.testcases.TRMLoginPageTest.rapdrpTextTest(TRMLoginPageTest.java:41)
... Removed 29 stack frames]]>
    </failure>
  </testcase> <!-- rapdrpTextTest -->
  <testcase name="trmLoginTest" time="1.83" classname="com.tvd.trm.testcases.TRMLoginPageTest"/>
  <testcase name="homePageTitleTest" time="0.006" classname="com.tvd.trm.testcases.TRMHomePageTest">
    <skipped/>
  </testcase> <!-- homePageTitleTest -->
  <testcase name="homePageTitleTest" time="0.007" classname="com.tvd.trm.testcases.TRMHomePageTest">
    <skipped/>
  </testcase> <!-- homePageTitleTest -->
  <testcase name="homePageTitleTest" time="0.005" classname="com.tvd.trm.testcases.TRMHomePageTest">
    <skipped/>
  </testcase> <!-- homePageTitleTest -->
  <testcase name="homePageTitleTest" time="0.005" classname="com.tvd.trm.testcases.TRMHomePageTest">
    <failure type="java.lang.AssertionError" message="Title not found expected [Welcom] but found [Welcome]">
      <![CDATA[java.lang.AssertionError: Title not found expected [Welcom] but found [Welcome]
	at com.tvd.trm.testcases.TRMHomePageTest.homePageTitleTest(TRMHomePageTest.java:32)
... Removed 29 stack frames]]>
    </failure>
  </testcase> <!-- homePageTitleTest -->
  <testcase name="validateUsernameTest" time="0.031" classname="com.tvd.trm.testcases.TRMHomePageTest"/>
  <testcase name="generateTicketlinkTest" time="1.445" classname="com.tvd.trm.testcases.TRMHomePageTest"/>
</testsuite> <!-- TRM Application Regaression Testing -->
